<?xml version="1.0" encoding="UTF-8"?>
<testng-results retried="3" ignored="0" total="8" passed="3" failed="2" skipped="0">
  <reporter-output>
  </reporter-output>
  <suite started-at="2026-07-24T18:41:08 IST" name="SeleniumFrameworkSuite" finished-at="2026-07-24T18:42:41 IST" duration-ms="93878">
    <groups>
      <group name="purchase">
        <method signature="standaloneTest.standaloneE2EFlow(java.util.HashMap)[pri:0, instance:com.leelavathienterprise.Tests.standaloneTest@3f191845]" name="standaloneE2EFlow" class="com.leelavathienterprise.Tests.standaloneTest"/>
        <method signature="standaloneTest.orderTestHistory()[pri:0, instance:com.leelavathienterprise.Tests.standaloneTest@3f191845]" name="orderTestHistory" class="com.leelavathienterprise.Tests.standaloneTest"/>
      </group> <!-- purchase -->
      <group name="Errorhandling">
        <method signature="errorValidations.loginErrorValidations()[pri:0, instance:com.leelavathienterprise.Tests.errorValidations@273e7444]" name="loginErrorValidations" class="com.leelavathienterprise.Tests.errorValidations"/>
        <method signature="errorValidations.productErrorValidations()[pri:0, instance:com.leelavathienterprise.Tests.errorValidations@273e7444]" name="productErrorValidations" class="com.leelavathienterprise.Tests.errorValidations"/>
      </group> <!-- Errorhandling -->
    </groups>
    <test started-at="2026-07-24T18:41:08 IST" name="standaloneTestOriginal" finished-at="2026-07-24T18:41:08 IST" duration-ms="7">
    </test> <!-- standaloneTestOriginal -->
    <test started-at="2026-07-24T18:41:08 IST" name="errorValidations" finished-at="2026-07-24T18:42:13 IST" duration-ms="65316">
      <class name="com.leelavathienterprise.Tests.errorValidations">
        <test-method is-config="true" signature="launchApplication()[pri:0, instance:com.leelavathienterprise.Tests.errorValidations@273e7444]" started-at="2026-07-24T18:41:08 IST" name="launchApplication" finished-at="2026-07-24T18:41:18 IST" duration-ms="10556" status="PASS">
          <reporter-output>
          </reporter-output>
        </test-method> <!-- launchApplication -->
        <test-method retried="true" signature="loginErrorValidations()[pri:0, instance:com.leelavathienterprise.Tests.errorValidations@273e7444]" started-at="2026-07-24T18:41:18 IST" name="loginErrorValidations" finished-at="2026-07-24T18:41:19 IST" duration-ms="839" status="SKIP">
          <exception class="java.lang.AssertionError">
            <message>
              <![CDATA[expected [Incorrect emails or password.] but found [Incorrect email or password.]]]>
            </message>
            <full-stacktrace>
              <![CDATA[java.lang.AssertionError: expected [Incorrect emails or password.] but found [Incorrect email or password.]
at org.testng.Assert.fail(Assert.java:111)
at org.testng.Assert.failNotEquals(Assert.java:1590)
at org.testng.Assert.assertEqualsImpl(Assert.java:150)
at org.testng.Assert.assertEquals(Assert.java:132)
at org.testng.Assert.assertEquals(Assert.java:656)
at org.testng.Assert.assertEquals(Assert.java:666)
at com.leelavathienterprise.Tests.errorValidations.loginErrorValidations(errorValidations.java:22)
at java.base/jdk.internal.reflect.DirectMethodHandleAccessor.invoke(DirectMethodHandleAccessor.java:104)
at java.base/java.lang.reflect.Method.invoke(Method.java:565)
at org.testng.internal.invokers.MethodInvocationHelper.invokeMethod(MethodInvocationHelper.java:141)
at org.testng.internal.invokers.TestInvoker.invokeMethod(TestInvoker.java:687)
at org.testng.internal.invokers.TestInvoker.invokeTestMethod(TestInvoker.java:230)
at org.testng.internal.invokers.MethodRunner.runInSequence(MethodRunner.java:63)
at org.testng.internal.invokers.TestInvoker$MethodInvocationAgent.invoke(TestInvoker.java:995)
at org.testng.internal.invokers.TestInvoker.invokeTestMethods(TestInvoker.java:203)
at org.testng.internal.invokers.TestMethodWorker.invokeTestMethods(TestMethodWorker.java:154)
at org.testng.internal.invokers.TestMethodWorker.run(TestMethodWorker.java:134)
at java.base/java.util.ArrayList.forEach(ArrayList.java:1604)
at org.testng.TestRunner.privateRun(TestRunner.java:741)
at org.testng.TestRunner.run(TestRunner.java:616)
at org.testng.SuiteRunner.runTest(SuiteRunner.java:421)
at org.testng.SuiteRunner$SuiteWorker.run(SuiteRunner.java:463)
at org.testng.internal.thread.ThreadUtil.lambda$execute$0(ThreadUtil.java:64)
at java.base/java.util.concurrent.FutureTask.run(FutureTask.java:328)
at java.base/java.util.concurrent.ThreadPoolExecutor.runWorker(ThreadPoolExecutor.java:1090)
at java.base/java.util.concurrent.ThreadPoolExecutor$Worker.run(ThreadPoolExecutor.java:614)
at java.base/java.lang.Thread.run(Thread.java:1474)
]]>
            </full-stacktrace>
          </exception> <!-- java.lang.AssertionError -->
          <reporter-output>
          </reporter-output>
        </test-method> <!-- loginErrorValidations -->
        <test-method is-config="true" signature="tearDown()[pri:0, instance:com.leelavathienterprise.Tests.errorValidations@273e7444]" started-at="2026-07-24T18:41:19 IST" name="tearDown" finished-at="2026-07-24T18:41:19 IST" duration-ms="340" status="PASS">
          <reporter-output>
          </reporter-output>
        </test-method> <!-- tearDown -->
        <test-method is-config="true" signature="launchApplication()[pri:0, instance:com.leelavathienterprise.Tests.errorValidations@273e7444]" started-at="2026-07-24T18:41:19 IST" name="launchApplication" finished-at="2026-07-24T18:41:22 IST" duration-ms="2780" status="PASS">
          <reporter-output>
          </reporter-output>
        </test-method> <!-- launchApplication -->
        <test-method retried="true" signature="loginErrorValidations()[pri:0, instance:com.leelavathienterprise.Tests.errorValidations@273e7444]" started-at="2026-07-24T18:41:22 IST" name="loginErrorValidations" finished-at="2026-07-24T18:41:23 IST" duration-ms="1069" status="SKIP">
          <exception class="java.lang.AssertionError">
            <message>
              <![CDATA[expected [Incorrect emails or password.] but found [Incorrect email or password.]]]>
            </message>
            <full-stacktrace>
              <![CDATA[java.lang.AssertionError: expected [Incorrect emails or password.] but found [Incorrect email or password.]
at org.testng.Assert.fail(Assert.java:111)
at org.testng.Assert.failNotEquals(Assert.java:1590)
at org.testng.Assert.assertEqualsImpl(Assert.java:150)
at org.testng.Assert.assertEquals(Assert.java:132)
at org.testng.Assert.assertEquals(Assert.java:656)
at org.testng.Assert.assertEquals(Assert.java:666)
at com.leelavathienterprise.Tests.errorValidations.loginErrorValidations(errorValidations.java:22)
at java.base/jdk.internal.reflect.DirectMethodHandleAccessor.invoke(DirectMethodHandleAccessor.java:104)
at java.base/java.lang.reflect.Method.invoke(Method.java:565)
at org.testng.internal.invokers.MethodInvocationHelper.invokeMethod(MethodInvocationHelper.java:141)
at org.testng.internal.invokers.TestInvoker.invokeMethod(TestInvoker.java:687)
at org.testng.internal.invokers.TestInvoker.retryFailed(TestInvoker.java:269)
at org.testng.internal.invokers.MethodRunner.runInSequence(MethodRunner.java:76)
at org.testng.internal.invokers.TestInvoker$MethodInvocationAgent.invoke(TestInvoker.java:995)
at org.testng.internal.invokers.TestInvoker.invokeTestMethods(TestInvoker.java:203)
at org.testng.internal.invokers.TestMethodWorker.invokeTestMethods(TestMethodWorker.java:154)
at org.testng.internal.invokers.TestMethodWorker.run(TestMethodWorker.java:134)
at java.base/java.util.ArrayList.forEach(ArrayList.java:1604)
at org.testng.TestRunner.privateRun(TestRunner.java:741)
at org.testng.TestRunner.run(TestRunner.java:616)
at org.testng.SuiteRunner.runTest(SuiteRunner.java:421)
at org.testng.SuiteRunner$SuiteWorker.run(SuiteRunner.java:463)
at org.testng.internal.thread.ThreadUtil.lambda$execute$0(ThreadUtil.java:64)
at java.base/java.util.concurrent.FutureTask.run(FutureTask.java:328)
at java.base/java.util.concurrent.ThreadPoolExecutor.runWorker(ThreadPoolExecutor.java:1090)
at java.base/java.util.concurrent.ThreadPoolExecutor$Worker.run(ThreadPoolExecutor.java:614)
at java.base/java.lang.Thread.run(Thread.java:1474)
]]>
            </full-stacktrace>
          </exception> <!-- java.lang.AssertionError -->
          <reporter-output>
          </reporter-output>
        </test-method> <!-- loginErrorValidations -->
        <test-method is-config="true" signature="tearDown()[pri:0, instance:com.leelavathienterprise.Tests.errorValidations@273e7444]" started-at="2026-07-24T18:41:23 IST" name="tearDown" finished-at="2026-07-24T18:41:24 IST" duration-ms="385" status="PASS">
          <reporter-output>
          </reporter-output>
        </test-method> <!-- tearDown -->
        <test-method is-config="true" signature="launchApplication()[pri:0, instance:com.leelavathienterprise.Tests.errorValidations@273e7444]" started-at="2026-07-24T18:41:24 IST" name="launchApplication" finished-at="2026-07-24T18:41:28 IST" duration-ms="4736" status="PASS">
          <reporter-output>
          </reporter-output>
        </test-method> <!-- launchApplication -->
        <test-method retried="true" signature="loginErrorValidations()[pri:0, instance:com.leelavathienterprise.Tests.errorValidations@273e7444]" started-at="2026-07-24T18:41:28 IST" name="loginErrorValidations" finished-at="2026-07-24T18:41:34 IST" duration-ms="5746" status="SKIP">
          <exception class="java.lang.AssertionError">
            <message>
              <![CDATA[expected [Incorrect emails or password.] but found [Incorrect email or password.]]]>
            </message>
            <full-stacktrace>
              <![CDATA[java.lang.AssertionError: expected [Incorrect emails or password.] but found [Incorrect email or password.]
at org.testng.Assert.fail(Assert.java:111)
at org.testng.Assert.failNotEquals(Assert.java:1590)
at org.testng.Assert.assertEqualsImpl(Assert.java:150)
at org.testng.Assert.assertEquals(Assert.java:132)
at org.testng.Assert.assertEquals(Assert.java:656)
at org.testng.Assert.assertEquals(Assert.java:666)
at com.leelavathienterprise.Tests.errorValidations.loginErrorValidations(errorValidations.java:22)
at java.base/jdk.internal.reflect.DirectMethodHandleAccessor.invoke(DirectMethodHandleAccessor.java:104)
at java.base/java.lang.reflect.Method.invoke(Method.java:565)
at org.testng.internal.invokers.MethodInvocationHelper.invokeMethod(MethodInvocationHelper.java:141)
at org.testng.internal.invokers.TestInvoker.invokeMethod(TestInvoker.java:687)
at org.testng.internal.invokers.TestInvoker.retryFailed(TestInvoker.java:269)
at org.testng.internal.invokers.MethodRunner.runInSequence(MethodRunner.java:76)
at org.testng.internal.invokers.TestInvoker$MethodInvocationAgent.invoke(TestInvoker.java:995)
at org.testng.internal.invokers.TestInvoker.invokeTestMethods(TestInvoker.java:203)
at org.testng.internal.invokers.TestMethodWorker.invokeTestMethods(TestMethodWorker.java:154)
at org.testng.internal.invokers.TestMethodWorker.run(TestMethodWorker.java:134)
at java.base/java.util.ArrayList.forEach(ArrayList.java:1604)
at org.testng.TestRunner.privateRun(TestRunner.java:741)
at org.testng.TestRunner.run(TestRunner.java:616)
at org.testng.SuiteRunner.runTest(SuiteRunner.java:421)
at org.testng.SuiteRunner$SuiteWorker.run(SuiteRunner.java:463)
at org.testng.internal.thread.ThreadUtil.lambda$execute$0(ThreadUtil.java:64)
at java.base/java.util.concurrent.FutureTask.run(FutureTask.java:328)
at java.base/java.util.concurrent.ThreadPoolExecutor.runWorker(ThreadPoolExecutor.java:1090)
at java.base/java.util.concurrent.ThreadPoolExecutor$Worker.run(ThreadPoolExecutor.java:614)
at java.base/java.lang.Thread.run(Thread.java:1474)
]]>
            </full-stacktrace>
          </exception> <!-- java.lang.AssertionError -->
          <reporter-output>
          </reporter-output>
        </test-method> <!-- loginErrorValidations -->
        <test-method is-config="true" signature="tearDown()[pri:0, instance:com.leelavathienterprise.Tests.errorValidations@273e7444]" started-at="2026-07-24T18:41:34 IST" name="tearDown" finished-at="2026-07-24T18:41:37 IST" duration-ms="2866" status="PASS">
          <reporter-output>
          </reporter-output>
        </test-method> <!-- tearDown -->
        <test-method is-config="true" signature="launchApplication()[pri:0, instance:com.leelavathienterprise.Tests.errorValidations@273e7444]" started-at="2026-07-24T18:41:37 IST" name="launchApplication" finished-at="2026-07-24T18:41:40 IST" duration-ms="3449" status="PASS">
          <reporter-output>
          </reporter-output>
        </test-method> <!-- launchApplication -->
        <test-method signature="loginErrorValidations()[pri:0, instance:com.leelavathienterprise.Tests.errorValidations@273e7444]" started-at="2026-07-24T18:41:40 IST" name="loginErrorValidations" finished-at="2026-07-24T18:41:41 IST" duration-ms="630" status="FAIL">
          <exception class="java.lang.AssertionError">
            <message>
              <![CDATA[expected [Incorrect emails or password.] but found [Incorrect email or password.]]]>
            </message>
            <full-stacktrace>
              <![CDATA[java.lang.AssertionError: expected [Incorrect emails or password.] but found [Incorrect email or password.]
at org.testng.Assert.fail(Assert.java:111)
at org.testng.Assert.failNotEquals(Assert.java:1590)
at org.testng.Assert.assertEqualsImpl(Assert.java:150)
at org.testng.Assert.assertEquals(Assert.java:132)
at org.testng.Assert.assertEquals(Assert.java:656)
at org.testng.Assert.assertEquals(Assert.java:666)
at com.leelavathienterprise.Tests.errorValidations.loginErrorValidations(errorValidations.java:22)
at java.base/jdk.internal.reflect.DirectMethodHandleAccessor.invoke(DirectMethodHandleAccessor.java:104)
at java.base/java.lang.reflect.Method.invoke(Method.java:565)
at org.testng.internal.invokers.MethodInvocationHelper.invokeMethod(MethodInvocationHelper.java:141)
at org.testng.internal.invokers.TestInvoker.invokeMethod(TestInvoker.java:687)
at org.testng.internal.invokers.TestInvoker.retryFailed(TestInvoker.java:269)
at org.testng.internal.invokers.MethodRunner.runInSequence(MethodRunner.java:76)
at org.testng.internal.invokers.TestInvoker$MethodInvocationAgent.invoke(TestInvoker.java:995)
at org.testng.internal.invokers.TestInvoker.invokeTestMethods(TestInvoker.java:203)
at org.testng.internal.invokers.TestMethodWorker.invokeTestMethods(TestMethodWorker.java:154)
at org.testng.internal.invokers.TestMethodWorker.run(TestMethodWorker.java:134)
at java.base/java.util.ArrayList.forEach(ArrayList.java:1604)
at org.testng.TestRunner.privateRun(TestRunner.java:741)
at org.testng.TestRunner.run(TestRunner.java:616)
at org.testng.SuiteRunner.runTest(SuiteRunner.java:421)
at org.testng.SuiteRunner$SuiteWorker.run(SuiteRunner.java:463)
at org.testng.internal.thread.ThreadUtil.lambda$execute$0(ThreadUtil.java:64)
at java.base/java.util.concurrent.FutureTask.run(FutureTask.java:328)
at java.base/java.util.concurrent.ThreadPoolExecutor.runWorker(ThreadPoolExecutor.java:1090)
at java.base/java.util.concurrent.ThreadPoolExecutor$Worker.run(ThreadPoolExecutor.java:614)
at java.base/java.lang.Thread.run(Thread.java:1474)
]]>
            </full-stacktrace>
          </exception> <!-- java.lang.AssertionError -->
          <reporter-output>
          </reporter-output>
        </test-method> <!-- loginErrorValidations -->
        <test-method is-config="true" signature="tearDown()[pri:0, instance:com.leelavathienterprise.Tests.errorValidations@273e7444]" started-at="2026-07-24T18:41:41 IST" name="tearDown" finished-at="2026-07-24T18:41:43 IST" duration-ms="1460" status="PASS">
          <reporter-output>
          </reporter-output>
        </test-method> <!-- tearDown -->
        <test-method is-config="true" signature="launchApplication()[pri:0, instance:com.leelavathienterprise.Tests.errorValidations@273e7444]" started-at="2026-07-24T18:41:43 IST" name="launchApplication" finished-at="2026-07-24T18:41:45 IST" duration-ms="2679" status="PASS">
          <reporter-output>
          </reporter-output>
        </test-method> <!-- launchApplication -->
        <test-method signature="productErrorValidations()[pri:0, instance:com.leelavathienterprise.Tests.errorValidations@273e7444]" started-at="2026-07-24T18:41:45 IST" name="productErrorValidations" finished-at="2026-07-24T18:41:59 IST" duration-ms="13586" status="FAIL">
          <exception class="org.openqa.selenium.TimeoutException">
            <message>
              <![CDATA[Expected condition failed: waiting for visibility of element located by By.id: toast-container (tried for 7 second(s) with 500 milliseconds interval)
Build info: version: '4.33.0', revision: '2c6aaad03a'
System info: os.name: 'Windows 11', os.arch: 'amd64', os.version: '10.0', java.version: '25.0.2'
Driver info: org.openqa.selenium.chrome.ChromeDriver
Capabilities {acceptInsecureCerts: false, browserName: chrome, browserVersion: 150.0.7871.129, chrome: {chromedriverVersion: 150.0.7871.124 (9261fd0a595..., userDataDir: C:\Users\leela\AppData\Loca...}, fedcm:accounts: true, goog:chromeOptions: {debuggerAddress: localhost:50153}, goog:processID: 17640, networkConnectionEnabled: false, pageLoadStrategy: normal, platformName: windows, proxy: Proxy(), se:cdp: ws://localhost:50153/devtoo..., se:cdpVersion: 150.0.7871.129, setWindowRect: true, strictFileInteractability: false, timeouts: {implicit: 0, pageLoad: 300000, script: 30000}, unhandledPromptBehavior: dismiss and notify, webauthn:extension:credBlob: true, webauthn:extension:largeBlob: true, webauthn:extension:minPinLength: true, webauthn:extension:prf: true, webauthn:virtualAuthenticators: true}
Session ID: 69aa450d5b7fa6ecd5446c9d105cade1]]>
            </message>
            <full-stacktrace>
              <![CDATA[org.openqa.selenium.TimeoutException: Expected condition failed: waiting for visibility of element located by By.id: toast-container (tried for 7 second(s) with 500 milliseconds interval)
Build info: version: '4.33.0', revision: '2c6aaad03a'
System info: os.name: 'Windows 11', os.arch: 'amd64', os.version: '10.0', java.version: '25.0.2'
Driver info: org.openqa.selenium.chrome.ChromeDriver
Capabilities {acceptInsecureCerts: false, browserName: chrome, browserVersion: 150.0.7871.129, chrome: {chromedriverVersion: 150.0.7871.124 (9261fd0a595..., userDataDir: C:\Users\leela\AppData\Loca...}, fedcm:accounts: true, goog:chromeOptions: {debuggerAddress: localhost:50153}, goog:processID: 17640, networkConnectionEnabled: false, pageLoadStrategy: normal, platformName: windows, proxy: Proxy(), se:cdp: ws://localhost:50153/devtoo..., se:cdpVersion: 150.0.7871.129, setWindowRect: true, strictFileInteractability: false, timeouts: {implicit: 0, pageLoad: 300000, script: 30000}, unhandledPromptBehavior: dismiss and notify, webauthn:extension:credBlob: true, webauthn:extension:largeBlob: true, webauthn:extension:minPinLength: true, webauthn:extension:prf: true, webauthn:virtualAuthenticators: true}
Session ID: 69aa450d5b7fa6ecd5446c9d105cade1
at org.openqa.selenium.support.ui.WebDriverWait.timeoutException(WebDriverWait.java:84)
at org.openqa.selenium.support.ui.FluentWait.until(FluentWait.java:228)
at com.leelavathienterprise.AbstractComponents.abstractComponents.waitForElementToAppear(abstractComponents.java:25)
at com.leelavathienterprise.pageobjects.productCatalougePage.addToCart(productCatalougePage.java:52)
at com.leelavathienterprise.Tests.errorValidations.productErrorValidations(errorValidations.java:32)
at java.base/jdk.internal.reflect.DirectMethodHandleAccessor.invoke(DirectMethodHandleAccessor.java:104)
at java.base/java.lang.reflect.Method.invoke(Method.java:565)
at org.testng.internal.invokers.MethodInvocationHelper.invokeMethod(MethodInvocationHelper.java:141)
at org.testng.internal.invokers.TestInvoker.invokeMethod(TestInvoker.java:687)
at org.testng.internal.invokers.TestInvoker.invokeTestMethod(TestInvoker.java:230)
at org.testng.internal.invokers.MethodRunner.runInSequence(MethodRunner.java:63)
at org.testng.internal.invokers.TestInvoker$MethodInvocationAgent.invoke(TestInvoker.java:995)
at org.testng.internal.invokers.TestInvoker.invokeTestMethods(TestInvoker.java:203)
at org.testng.internal.invokers.TestMethodWorker.invokeTestMethods(TestMethodWorker.java:154)
at org.testng.internal.invokers.TestMethodWorker.run(TestMethodWorker.java:134)
at java.base/java.util.ArrayList.forEach(ArrayList.java:1604)
at org.testng.TestRunner.privateRun(TestRunner.java:741)
at org.testng.TestRunner.run(TestRunner.java:616)
at org.testng.SuiteRunner.runTest(SuiteRunner.java:421)
at org.testng.SuiteRunner$SuiteWorker.run(SuiteRunner.java:463)
at org.testng.internal.thread.ThreadUtil.lambda$execute$0(ThreadUtil.java:64)
at java.base/java.util.concurrent.FutureTask.run(FutureTask.java:328)
at java.base/java.util.concurrent.ThreadPoolExecutor.runWorker(ThreadPoolExecutor.java:1090)
at java.base/java.util.concurrent.ThreadPoolExecutor$Worker.run(ThreadPoolExecutor.java:614)
at java.base/java.lang.Thread.run(Thread.java:1474)
]]>
            </full-stacktrace>
          </exception> <!-- org.openqa.selenium.TimeoutException -->
          <reporter-output>
          </reporter-output>
        </test-method> <!-- productErrorValidations -->
        <test-method is-config="true" signature="tearDown()[pri:0, instance:com.leelavathienterprise.Tests.errorValidations@273e7444]" started-at="2026-07-24T18:42:03 IST" name="tearDown" finished-at="2026-07-24T18:42:13 IST" duration-ms="9623" status="PASS">
          <reporter-output>
          </reporter-output>
        </test-method> <!-- tearDown -->
      </class> <!-- com.leelavathienterprise.Tests.errorValidations -->
    </test> <!-- errorValidations -->
    <test started-at="2026-07-24T18:41:08 IST" name="standaloneTest" finished-at="2026-07-24T18:42:41 IST" duration-ms="93877">
      <class name="com.leelavathienterprise.Tests.standaloneTest">
        <test-method is-config="true" signature="launchApplication()[pri:0, instance:com.leelavathienterprise.Tests.standaloneTest@3f191845]" started-at="2026-07-24T18:41:08 IST" name="launchApplication" finished-at="2026-07-24T18:41:17 IST" duration-ms="9145" status="PASS">
          <reporter-output>
          </reporter-output>
        </test-method> <!-- launchApplication -->
        <test-method signature="standaloneE2EFlow(java.util.HashMap)[pri:0, instance:com.leelavathienterprise.Tests.standaloneTest@3f191845]" started-at="2026-07-24T18:41:17 IST" name="standaloneE2EFlow" data-provider="loginData" finished-at="2026-07-24T18:41:39 IST" duration-ms="21623" status="PASS">
          <params>
            <param index="0">
              <value>
                <![CDATA[{password=Leela@1990, dressname=ZARA COAT 3, username=leela123@gmail.com}]]>
              </value>
            </param>
          </params>
          <reporter-output>
          </reporter-output>
        </test-method> <!-- standaloneE2EFlow -->
        <test-method is-config="true" signature="tearDown()[pri:0, instance:com.leelavathienterprise.Tests.standaloneTest@3f191845]" started-at="2026-07-24T18:41:39 IST" name="tearDown" finished-at="2026-07-24T18:41:40 IST" duration-ms="1380" status="PASS">
          <reporter-output>
          </reporter-output>
        </test-method> <!-- tearDown -->
        <test-method is-config="true" signature="launchApplication()[pri:0, instance:com.leelavathienterprise.Tests.standaloneTest@3f191845]" started-at="2026-07-24T18:41:40 IST" name="launchApplication" finished-at="2026-07-24T18:41:43 IST" duration-ms="3171" status="PASS">
          <reporter-output>
          </reporter-output>
        </test-method> <!-- launchApplication -->
        <test-method signature="standaloneE2EFlow(java.util.HashMap)[pri:0, instance:com.leelavathienterprise.Tests.standaloneTest@3f191845]" started-at="2026-07-24T18:41:43 IST" name="standaloneE2EFlow" data-provider="loginData" finished-at="2026-07-24T18:42:28 IST" duration-ms="45083" status="PASS">
          <params>
            <param index="0">
              <value>
                <![CDATA[{password=Leela@1990, dressname=ADIDAS ORIGINAL, username=leela123@gmail.com}]]>
              </value>
            </param>
          </params>
          <reporter-output>
          </reporter-output>
        </test-method> <!-- standaloneE2EFlow -->
        <test-method is-config="true" signature="tearDown()[pri:0, instance:com.leelavathienterprise.Tests.standaloneTest@3f191845]" started-at="2026-07-24T18:42:28 IST" name="tearDown" finished-at="2026-07-24T18:42:30 IST" duration-ms="1282" status="PASS">
          <reporter-output>
          </reporter-output>
        </test-method> <!-- tearDown -->
        <test-method is-config="true" signature="launchApplication()[pri:0, instance:com.leelavathienterprise.Tests.standaloneTest@3f191845]" started-at="2026-07-24T18:42:30 IST" name="launchApplication" finished-at="2026-07-24T18:42:32 IST" duration-ms="2732" status="PASS">
          <reporter-output>
          </reporter-output>
        </test-method> <!-- launchApplication -->
        <test-method signature="orderTestHistory()[pri:0, instance:com.leelavathienterprise.Tests.standaloneTest@3f191845]" started-at="2026-07-24T18:42:32 IST" name="orderTestHistory" finished-at="2026-07-24T18:42:41 IST" depends-on-methods="com.leelavathienterprise.Tests.standaloneTest.standaloneE2EFlow" duration-ms="8631" status="PASS">
          <reporter-output>
          </reporter-output>
        </test-method> <!-- orderTestHistory -->
        <test-method is-config="true" signature="tearDown()[pri:0, instance:com.leelavathienterprise.Tests.standaloneTest@3f191845]" started-at="2026-07-24T18:42:41 IST" name="tearDown" finished-at="2026-07-24T18:42:41 IST" duration-ms="455" status="PASS">
          <reporter-output>
          </reporter-output>
        </test-method> <!-- tearDown -->
      </class> <!-- com.leelavathienterprise.Tests.standaloneTest -->
    </test> <!-- standaloneTest -->
  </suite> <!-- SeleniumFrameworkSuite -->
</testng-results>
