<?xml version="1.0" encoding="UTF-8"?>
<testng-results retried="3" ignored="0" total="8" passed="2" failed="2" skipped="1">
  <reporter-output>
  </reporter-output>
  <suite started-at="2026-07-22T17:21:46 IST" name="SeleniumFrameworkSuite" finished-at="2026-07-22T17:23:33 IST" duration-ms="107145">
    <groups>
      <group name="purchase">
        <method signature="standaloneTest.standaloneE2EFlow(java.util.HashMap)[pri:0, instance:com.leelavathienterprise.Tests.standaloneTest@3f191845]" name="standaloneE2EFlow" class="com.leelavathienterprise.Tests.standaloneTest"/>
        <method signature="standaloneTest.orderTestHistory()[pri:0, instance:com.leelavathienterprise.Tests.standaloneTest@3f191845]" name="orderTestHistory" class="com.leelavathienterprise.Tests.standaloneTest"/>
      </group> <!-- purchase -->
      <group name="Errorhandling">
        <method signature="errorValidations.loginErrorValidations()[pri:0, instance:com.leelavathienterprise.Tests.errorValidations@273e7444]" name="loginErrorValidations" class="com.leelavathienterprise.Tests.errorValidations"/>
        <method signature="errorValidations.productErrorValidations()[pri:0, instance:com.leelavathienterprise.Tests.errorValidations@273e7444]" name="productErrorValidations" class="com.leelavathienterprise.Tests.errorValidations"/>
      </group> <!-- Errorhandling -->
    </groups>
    <test started-at="2026-07-22T17:21:46 IST" name="standaloneTestOriginal" finished-at="2026-07-22T17:21:46 IST" duration-ms="5">
    </test> <!-- standaloneTestOriginal -->
    <test started-at="2026-07-22T17:21:46 IST" name="standaloneTest" finished-at="2026-07-22T17:23:14 IST" duration-ms="88334">
      <class name="com.leelavathienterprise.Tests.standaloneTest">
        <test-method is-config="true" signature="launchApplication()[pri:0, instance:com.leelavathienterprise.Tests.standaloneTest@3f191845]" started-at="2026-07-22T17:21:46 IST" name="launchApplication" finished-at="2026-07-22T17:22:19 IST" duration-ms="32525" status="PASS">
          <reporter-output>
          </reporter-output>
        </test-method> <!-- launchApplication -->
        <test-method signature="standaloneE2EFlow(java.util.HashMap)[pri:0, instance:com.leelavathienterprise.Tests.standaloneTest@3f191845]" started-at="2026-07-22T17:22:19 IST" name="standaloneE2EFlow" data-provider="loginData" finished-at="2026-07-22T17:22:50 IST" duration-ms="31649" status="PASS">
          <params>
            <param index="0">
              <value>
                <![CDATA[{password=Leela@1990, dressname=ZARA COAT 3, username=leela123@gmail.com}]]>
              </value>
            </param>
          </params>
          <reporter-output>
          </reporter-output>
        </test-method> <!-- standaloneE2EFlow -->
        <test-method is-config="true" signature="tearDown()[pri:0, instance:com.leelavathienterprise.Tests.standaloneTest@3f191845]" started-at="2026-07-22T17:22:50 IST" name="tearDown" finished-at="2026-07-22T17:22:52 IST" duration-ms="1867" status="PASS">
          <reporter-output>
          </reporter-output>
        </test-method> <!-- tearDown -->
        <test-method is-config="true" signature="launchApplication()[pri:0, instance:com.leelavathienterprise.Tests.standaloneTest@3f191845]" started-at="2026-07-22T17:22:52 IST" name="launchApplication" finished-at="2026-07-22T17:22:59 IST" duration-ms="7030" status="PASS">
          <reporter-output>
          </reporter-output>
        </test-method> <!-- launchApplication -->
        <test-method signature="standaloneE2EFlow(java.util.HashMap)[pri:0, instance:com.leelavathienterprise.Tests.standaloneTest@3f191845]" started-at="2026-07-22T17:22:59 IST" name="standaloneE2EFlow" data-provider="loginData" finished-at="2026-07-22T17:23:12 IST" duration-ms="13084" status="FAIL">
          <params>
            <param index="0">
              <value>
                <![CDATA[{password=Leela@1990, dressname=ADIDAS ORIGINAL, username=leela123@gmail.com}]]>
              </value>
            </param>
          </params>
          <exception class="org.openqa.selenium.ElementClickInterceptedException">
            <message>
              <![CDATA[Element <button class="btn btn-custom"> is not clickable at point (1297,133) because another element <div class="ngx-spinner-overlay ng-tns-c11-1 ng-trigger ng-trigger-fadeIn ng-star-inserted ng-animating"> obscures it
Build info: version: '4.33.0', revision: '2c6aaad03a'
System info: os.name: 'Windows 11', os.arch: 'amd64', os.version: '10.0', java.version: '25.0.2'
Driver info: org.openqa.selenium.firefox.FirefoxDriver
Command: [0f3790df-b7be-4145-84ca-f94e0e8f89bc, clickElement {id=6a699f61-5182-473d-a8a8-1ffb75013ca4}]
Capabilities {acceptInsecureCerts: true, browserName: firefox, browserVersion: 153.0, moz:accessibilityChecks: false, moz:buildID: 20260715202819, moz:geckodriverVersion: 0.37.0, moz:headless: false, moz:platformVersion: 10.0, moz:processID: 2004, moz:profile: C:\Users\leela\AppData\Loca..., moz:shutdownTimeout: 60000, moz:webdriverClick: true, moz:windowless: false, pageLoadStrategy: normal, platformName: windows, proxy: Proxy(), setWindowRect: true, strictFileInteractability: false, timeouts: {implicit: 0, pageLoad: 300000, script: 30000}, unhandledPromptBehavior: dismiss and notify, userAgent: Mozilla/5.0 (Windows NT 10....}
Element: [[FirefoxDriver: firefox on windows (0f3790df-b7be-4145-84ca-f94e0e8f89bc)] -> css selector: button[routerlink='/dashboard/cart']]
Session ID: 0f3790df-b7be-4145-84ca-f94e0e8f89bc]]>
            </message>
            <full-stacktrace>
              <![CDATA[org.openqa.selenium.ElementClickInterceptedException: Element <button class="btn btn-custom"> is not clickable at point (1297,133) because another element <div class="ngx-spinner-overlay ng-tns-c11-1 ng-trigger ng-trigger-fadeIn ng-star-inserted ng-animating"> obscures it
Build info: version: '4.33.0', revision: '2c6aaad03a'
System info: os.name: 'Windows 11', os.arch: 'amd64', os.version: '10.0', java.version: '25.0.2'
Driver info: org.openqa.selenium.firefox.FirefoxDriver
Command: [0f3790df-b7be-4145-84ca-f94e0e8f89bc, clickElement {id=6a699f61-5182-473d-a8a8-1ffb75013ca4}]
Capabilities {acceptInsecureCerts: true, browserName: firefox, browserVersion: 153.0, moz:accessibilityChecks: false, moz:buildID: 20260715202819, moz:geckodriverVersion: 0.37.0, moz:headless: false, moz:platformVersion: 10.0, moz:processID: 2004, moz:profile: C:\Users\leela\AppData\Loca..., moz:shutdownTimeout: 60000, moz:webdriverClick: true, moz:windowless: false, pageLoadStrategy: normal, platformName: windows, proxy: Proxy(), setWindowRect: true, strictFileInteractability: false, timeouts: {implicit: 0, pageLoad: 300000, script: 30000}, unhandledPromptBehavior: dismiss and notify, userAgent: Mozilla/5.0 (Windows NT 10....}
Element: [[FirefoxDriver: firefox on windows (0f3790df-b7be-4145-84ca-f94e0e8f89bc)] -> css selector: button[routerlink='/dashboard/cart']]
Session ID: 0f3790df-b7be-4145-84ca-f94e0e8f89bc
at java.base/jdk.internal.reflect.DirectConstructorHandleAccessor.newInstance(DirectConstructorHandleAccessor.java:62)
at java.base/java.lang.reflect.Constructor.newInstanceWithCaller(Constructor.java:499)
at java.base/java.lang.reflect.Constructor.newInstance(Constructor.java:483)
at org.openqa.selenium.remote.ErrorCodec.decode(ErrorCodec.java:167)
at org.openqa.selenium.remote.codec.w3c.W3CHttpResponseCodec.decode(W3CHttpResponseCodec.java:138)
at org.openqa.selenium.remote.codec.w3c.W3CHttpResponseCodec.decode(W3CHttpResponseCodec.java:50)
at org.openqa.selenium.remote.HttpCommandExecutor.execute(HttpCommandExecutor.java:215)
at org.openqa.selenium.remote.service.DriverCommandExecutor.invokeExecute(DriverCommandExecutor.java:216)
at org.openqa.selenium.remote.service.DriverCommandExecutor.execute(DriverCommandExecutor.java:174)
at org.openqa.selenium.remote.RemoteWebDriver.execute(RemoteWebDriver.java:544)
at org.openqa.selenium.remote.RemoteWebElement.execute(RemoteWebElement.java:223)
at org.openqa.selenium.remote.RemoteWebElement.click(RemoteWebElement.java:76)
at java.base/jdk.internal.reflect.DirectMethodHandleAccessor.invoke(DirectMethodHandleAccessor.java:104)
at java.base/java.lang.reflect.Method.invoke(Method.java:565)
at org.openqa.selenium.support.pagefactory.internal.LocatingElementHandler.invoke(LocatingElementHandler.java:51)
at jdk.proxy2/jdk.proxy2.$Proxy13.click(Unknown Source)
at com.leelavathienterprise.pageobjects.productCatalougePage.goToCartPage(productCatalougePage.java:57)
at com.leelavathienterprise.Tests.standaloneTest.standaloneE2EFlow(standaloneTest.java:41)
at java.base/jdk.internal.reflect.DirectMethodHandleAccessor.invoke(DirectMethodHandleAccessor.java:104)
at java.base/java.lang.reflect.Method.invoke(Method.java:565)
at org.testng.internal.invokers.MethodInvocationHelper.invokeMethod(MethodInvocationHelper.java:141)
at org.testng.internal.invokers.TestInvoker.invokeMethod(TestInvoker.java:687)
at org.testng.internal.invokers.TestInvoker.invokeTestMethod(TestInvoker.java:230)
at org.testng.internal.invokers.MethodRunner.runInSequence(MethodRunner.java:63)
at org.testng.internal.invokers.TestInvoker$MethodInvocationAgent.invoke(TestInvoker.java:995)
at org.testng.internal.invokers.TestInvoker.invokeTestMethods(TestInvoker.java:203)
at org.testng.internal.invokers.TestMethodWorker.invokeTestMethods(TestMethodWorker.java:154)
at org.testng.internal.invokers.TestMethodWorker.run(TestMethodWorker.java:134)
at java.base/java.util.ArrayList.forEach(ArrayList.java:1604)
at org.testng.TestRunner.privateRun(TestRunner.java:741)
at org.testng.TestRunner.run(TestRunner.java:616)
at org.testng.SuiteRunner.runTest(SuiteRunner.java:421)
at org.testng.SuiteRunner$SuiteWorker.run(SuiteRunner.java:463)
at org.testng.internal.thread.ThreadUtil.lambda$execute$0(ThreadUtil.java:64)
at java.base/java.util.concurrent.FutureTask.run(FutureTask.java:328)
at java.base/java.util.concurrent.ThreadPoolExecutor.runWorker(ThreadPoolExecutor.java:1090)
at java.base/java.util.concurrent.ThreadPoolExecutor$Worker.run(ThreadPoolExecutor.java:614)
at java.base/java.lang.Thread.run(Thread.java:1474)
]]>
            </full-stacktrace>
          </exception> <!-- org.openqa.selenium.ElementClickInterceptedException -->
          <reporter-output>
          </reporter-output>
        </test-method> <!-- standaloneE2EFlow -->
        <test-method is-config="true" signature="tearDown()[pri:0, instance:com.leelavathienterprise.Tests.standaloneTest@3f191845]" started-at="2026-07-22T17:23:13 IST" name="tearDown" finished-at="2026-07-22T17:23:14 IST" duration-ms="1633" status="PASS">
          <reporter-output>
          </reporter-output>
        </test-method> <!-- tearDown -->
        <test-method signature="orderTestHistory()[pri:0, instance:com.leelavathienterprise.Tests.standaloneTest@3f191845]" started-at="2026-07-22T17:23:14 IST" name="orderTestHistory" finished-at="2026-07-22T17:23:14 IST" depends-on-methods="com.leelavathienterprise.Tests.standaloneTest.standaloneE2EFlow" duration-ms="0" status="SKIP">
          <exception class="java.lang.Throwable">
            <message>
              <![CDATA[Method com.leelavathienterprise.Tests.standaloneTest.orderTestHistory() on instance com.leelavathienterprise.Tests.standaloneTest@3f191845 depends on not successfully finished methods 
[com.leelavathienterprise.Tests.standaloneTest.standaloneE2EFlow() on instance com.leelavathienterprise.Tests.standaloneTest@3f191845]]]>
            </message>
            <full-stacktrace>
              <![CDATA[java.lang.Throwable: Method com.leelavathienterprise.Tests.standaloneTest.orderTestHistory() on instance com.leelavathienterprise.Tests.standaloneTest@3f191845 depends on not successfully finished methods 
[com.leelavathienterprise.Tests.standaloneTest.standaloneE2EFlow() on instance com.leelavathienterprise.Tests.standaloneTest@3f191845]
at org.testng.internal.invokers.TestInvoker.invokeTestMethods(TestInvoker.java:159)
at org.testng.internal.invokers.TestMethodWorker.invokeTestMethods(TestMethodWorker.java:154)
at org.testng.internal.invokers.TestMethodWorker.run(TestMethodWorker.java:134)
at java.base/java.util.ArrayList.forEach(ArrayList.java:1604)
at org.testng.TestRunner.privateRun(TestRunner.java:741)
at org.testng.TestRunner.run(TestRunner.java:616)
at org.testng.SuiteRunner.runTest(SuiteRunner.java:421)
at org.testng.SuiteRunner$SuiteWorker.run(SuiteRunner.java:463)
at org.testng.internal.thread.ThreadUtil.lambda$execute$0(ThreadUtil.java:64)
at java.base/java.util.concurrent.FutureTask.run(FutureTask.java:328)
at java.base/java.util.concurrent.ThreadPoolExecutor.runWorker(ThreadPoolExecutor.java:1090)
at java.base/java.util.concurrent.ThreadPoolExecutor$Worker.run(ThreadPoolExecutor.java:614)
at java.base/java.lang.Thread.run(Thread.java:1474)
]]>
            </full-stacktrace>
          </exception> <!-- java.lang.Throwable -->
          <reporter-output>
          </reporter-output>
        </test-method> <!-- orderTestHistory -->
      </class> <!-- com.leelavathienterprise.Tests.standaloneTest -->
    </test> <!-- standaloneTest -->
    <test started-at="2026-07-22T17:21:46 IST" name="errorValidations" finished-at="2026-07-22T17:23:33 IST" duration-ms="107145">
      <class name="com.leelavathienterprise.Tests.errorValidations">
        <test-method is-config="true" signature="launchApplication()[pri:0, instance:com.leelavathienterprise.Tests.errorValidations@273e7444]" started-at="2026-07-22T17:21:46 IST" name="launchApplication" finished-at="2026-07-22T17:22:19 IST" duration-ms="33406" status="PASS">
          <reporter-output>
          </reporter-output>
        </test-method> <!-- launchApplication -->
        <test-method retried="true" signature="loginErrorValidations()[pri:0, instance:com.leelavathienterprise.Tests.errorValidations@273e7444]" started-at="2026-07-22T17:22:19 IST" name="loginErrorValidations" finished-at="2026-07-22T17:22:21 IST" duration-ms="1175" status="SKIP">
          <exception class="java.lang.AssertionError">
            <message>
              <![CDATA[expected [Incorrect emails or password.] but found [Incorrect email or password.]]]>
            </message>
            <full-stacktrace>
              <![CDATA[java.lang.AssertionError: expected [Incorrect emails or password.] but found [Incorrect email or password.]
at org.testng.Assert.fail(Assert.java:111)
at org.testng.Assert.failNotEquals(Assert.java:1590)
at org.testng.Assert.assertEqualsImpl(Assert.java:150)
at org.testng.Assert.assertEquals(Assert.java:132)
at org.testng.Assert.assertEquals(Assert.java:656)
at org.testng.Assert.assertEquals(Assert.java:666)
at com.leelavathienterprise.Tests.errorValidations.loginErrorValidations(errorValidations.java:22)
at java.base/jdk.internal.reflect.DirectMethodHandleAccessor.invoke(DirectMethodHandleAccessor.java:104)
at java.base/java.lang.reflect.Method.invoke(Method.java:565)
at org.testng.internal.invokers.MethodInvocationHelper.invokeMethod(MethodInvocationHelper.java:141)
at org.testng.internal.invokers.TestInvoker.invokeMethod(TestInvoker.java:687)
at org.testng.internal.invokers.TestInvoker.invokeTestMethod(TestInvoker.java:230)
at org.testng.internal.invokers.MethodRunner.runInSequence(MethodRunner.java:63)
at org.testng.internal.invokers.TestInvoker$MethodInvocationAgent.invoke(TestInvoker.java:995)
at org.testng.internal.invokers.TestInvoker.invokeTestMethods(TestInvoker.java:203)
at org.testng.internal.invokers.TestMethodWorker.invokeTestMethods(TestMethodWorker.java:154)
at org.testng.internal.invokers.TestMethodWorker.run(TestMethodWorker.java:134)
at java.base/java.util.ArrayList.forEach(ArrayList.java:1604)
at org.testng.TestRunner.privateRun(TestRunner.java:741)
at org.testng.TestRunner.run(TestRunner.java:616)
at org.testng.SuiteRunner.runTest(SuiteRunner.java:421)
at org.testng.SuiteRunner$SuiteWorker.run(SuiteRunner.java:463)
at org.testng.internal.thread.ThreadUtil.lambda$execute$0(ThreadUtil.java:64)
at java.base/java.util.concurrent.FutureTask.run(FutureTask.java:328)
at java.base/java.util.concurrent.ThreadPoolExecutor.runWorker(ThreadPoolExecutor.java:1090)
at java.base/java.util.concurrent.ThreadPoolExecutor$Worker.run(ThreadPoolExecutor.java:614)
at java.base/java.lang.Thread.run(Thread.java:1474)
]]>
            </full-stacktrace>
          </exception> <!-- java.lang.AssertionError -->
          <reporter-output>
          </reporter-output>
        </test-method> <!-- loginErrorValidations -->
        <test-method is-config="true" signature="tearDown()[pri:0, instance:com.leelavathienterprise.Tests.errorValidations@273e7444]" started-at="2026-07-22T17:22:21 IST" name="tearDown" finished-at="2026-07-22T17:22:21 IST" duration-ms="810" status="PASS">
          <reporter-output>
          </reporter-output>
        </test-method> <!-- tearDown -->
        <test-method is-config="true" signature="launchApplication()[pri:0, instance:com.leelavathienterprise.Tests.errorValidations@273e7444]" started-at="2026-07-22T17:22:21 IST" name="launchApplication" finished-at="2026-07-22T17:22:35 IST" duration-ms="14070" status="PASS">
          <reporter-output>
          </reporter-output>
        </test-method> <!-- launchApplication -->
        <test-method retried="true" signature="loginErrorValidations()[pri:0, instance:com.leelavathienterprise.Tests.errorValidations@273e7444]" started-at="2026-07-22T17:22:35 IST" name="loginErrorValidations" finished-at="2026-07-22T17:22:36 IST" duration-ms="594" status="SKIP">
          <exception class="java.lang.AssertionError">
            <message>
              <![CDATA[expected [Incorrect emails or password.] but found [Incorrect email or password.]]]>
            </message>
            <full-stacktrace>
              <![CDATA[java.lang.AssertionError: expected [Incorrect emails or password.] but found [Incorrect email or password.]
at org.testng.Assert.fail(Assert.java:111)
at org.testng.Assert.failNotEquals(Assert.java:1590)
at org.testng.Assert.assertEqualsImpl(Assert.java:150)
at org.testng.Assert.assertEquals(Assert.java:132)
at org.testng.Assert.assertEquals(Assert.java:656)
at org.testng.Assert.assertEquals(Assert.java:666)
at com.leelavathienterprise.Tests.errorValidations.loginErrorValidations(errorValidations.java:22)
at java.base/jdk.internal.reflect.DirectMethodHandleAccessor.invoke(DirectMethodHandleAccessor.java:104)
at java.base/java.lang.reflect.Method.invoke(Method.java:565)
at org.testng.internal.invokers.MethodInvocationHelper.invokeMethod(MethodInvocationHelper.java:141)
at org.testng.internal.invokers.TestInvoker.invokeMethod(TestInvoker.java:687)
at org.testng.internal.invokers.TestInvoker.retryFailed(TestInvoker.java:269)
at org.testng.internal.invokers.MethodRunner.runInSequence(MethodRunner.java:76)
at org.testng.internal.invokers.TestInvoker$MethodInvocationAgent.invoke(TestInvoker.java:995)
at org.testng.internal.invokers.TestInvoker.invokeTestMethods(TestInvoker.java:203)
at org.testng.internal.invokers.TestMethodWorker.invokeTestMethods(TestMethodWorker.java:154)
at org.testng.internal.invokers.TestMethodWorker.run(TestMethodWorker.java:134)
at java.base/java.util.ArrayList.forEach(ArrayList.java:1604)
at org.testng.TestRunner.privateRun(TestRunner.java:741)
at org.testng.TestRunner.run(TestRunner.java:616)
at org.testng.SuiteRunner.runTest(SuiteRunner.java:421)
at org.testng.SuiteRunner$SuiteWorker.run(SuiteRunner.java:463)
at org.testng.internal.thread.ThreadUtil.lambda$execute$0(ThreadUtil.java:64)
at java.base/java.util.concurrent.FutureTask.run(FutureTask.java:328)
at java.base/java.util.concurrent.ThreadPoolExecutor.runWorker(ThreadPoolExecutor.java:1090)
at java.base/java.util.concurrent.ThreadPoolExecutor$Worker.run(ThreadPoolExecutor.java:614)
at java.base/java.lang.Thread.run(Thread.java:1474)
]]>
            </full-stacktrace>
          </exception> <!-- java.lang.AssertionError -->
          <reporter-output>
          </reporter-output>
        </test-method> <!-- loginErrorValidations -->
        <test-method is-config="true" signature="tearDown()[pri:0, instance:com.leelavathienterprise.Tests.errorValidations@273e7444]" started-at="2026-07-22T17:22:36 IST" name="tearDown" finished-at="2026-07-22T17:22:38 IST" duration-ms="1408" status="PASS">
          <reporter-output>
          </reporter-output>
        </test-method> <!-- tearDown -->
        <test-method is-config="true" signature="launchApplication()[pri:0, instance:com.leelavathienterprise.Tests.errorValidations@273e7444]" started-at="2026-07-22T17:22:38 IST" name="launchApplication" finished-at="2026-07-22T17:22:44 IST" duration-ms="6306" status="PASS">
          <reporter-output>
          </reporter-output>
        </test-method> <!-- launchApplication -->
        <test-method retried="true" signature="loginErrorValidations()[pri:0, instance:com.leelavathienterprise.Tests.errorValidations@273e7444]" started-at="2026-07-22T17:22:44 IST" name="loginErrorValidations" finished-at="2026-07-22T17:22:44 IST" duration-ms="435" status="SKIP">
          <exception class="java.lang.AssertionError">
            <message>
              <![CDATA[expected [Incorrect emails or password.] but found [Incorrect email or password.]]]>
            </message>
            <full-stacktrace>
              <![CDATA[java.lang.AssertionError: expected [Incorrect emails or password.] but found [Incorrect email or password.]
at org.testng.Assert.fail(Assert.java:111)
at org.testng.Assert.failNotEquals(Assert.java:1590)
at org.testng.Assert.assertEqualsImpl(Assert.java:150)
at org.testng.Assert.assertEquals(Assert.java:132)
at org.testng.Assert.assertEquals(Assert.java:656)
at org.testng.Assert.assertEquals(Assert.java:666)
at com.leelavathienterprise.Tests.errorValidations.loginErrorValidations(errorValidations.java:22)
at java.base/jdk.internal.reflect.DirectMethodHandleAccessor.invoke(DirectMethodHandleAccessor.java:104)
at java.base/java.lang.reflect.Method.invoke(Method.java:565)
at org.testng.internal.invokers.MethodInvocationHelper.invokeMethod(MethodInvocationHelper.java:141)
at org.testng.internal.invokers.TestInvoker.invokeMethod(TestInvoker.java:687)
at org.testng.internal.invokers.TestInvoker.retryFailed(TestInvoker.java:269)
at org.testng.internal.invokers.MethodRunner.runInSequence(MethodRunner.java:76)
at org.testng.internal.invokers.TestInvoker$MethodInvocationAgent.invoke(TestInvoker.java:995)
at org.testng.internal.invokers.TestInvoker.invokeTestMethods(TestInvoker.java:203)
at org.testng.internal.invokers.TestMethodWorker.invokeTestMethods(TestMethodWorker.java:154)
at org.testng.internal.invokers.TestMethodWorker.run(TestMethodWorker.java:134)
at java.base/java.util.ArrayList.forEach(ArrayList.java:1604)
at org.testng.TestRunner.privateRun(TestRunner.java:741)
at org.testng.TestRunner.run(TestRunner.java:616)
at org.testng.SuiteRunner.runTest(SuiteRunner.java:421)
at org.testng.SuiteRunner$SuiteWorker.run(SuiteRunner.java:463)
at org.testng.internal.thread.ThreadUtil.lambda$execute$0(ThreadUtil.java:64)
at java.base/java.util.concurrent.FutureTask.run(FutureTask.java:328)
at java.base/java.util.concurrent.ThreadPoolExecutor.runWorker(ThreadPoolExecutor.java:1090)
at java.base/java.util.concurrent.ThreadPoolExecutor$Worker.run(ThreadPoolExecutor.java:614)
at java.base/java.lang.Thread.run(Thread.java:1474)
]]>
            </full-stacktrace>
          </exception> <!-- java.lang.AssertionError -->
          <reporter-output>
          </reporter-output>
        </test-method> <!-- loginErrorValidations -->
        <test-method is-config="true" signature="tearDown()[pri:0, instance:com.leelavathienterprise.Tests.errorValidations@273e7444]" started-at="2026-07-22T17:22:44 IST" name="tearDown" finished-at="2026-07-22T17:22:46 IST" duration-ms="1291" status="PASS">
          <reporter-output>
          </reporter-output>
        </test-method> <!-- tearDown -->
        <test-method is-config="true" signature="launchApplication()[pri:0, instance:com.leelavathienterprise.Tests.errorValidations@273e7444]" started-at="2026-07-22T17:22:46 IST" name="launchApplication" finished-at="2026-07-22T17:22:59 IST" duration-ms="13737" status="PASS">
          <reporter-output>
          </reporter-output>
        </test-method> <!-- launchApplication -->
        <test-method signature="loginErrorValidations()[pri:0, instance:com.leelavathienterprise.Tests.errorValidations@273e7444]" started-at="2026-07-22T17:22:59 IST" name="loginErrorValidations" finished-at="2026-07-22T17:23:00 IST" duration-ms="829" status="FAIL">
          <exception class="java.lang.AssertionError">
            <message>
              <![CDATA[expected [Incorrect emails or password.] but found [Incorrect email or password.]]]>
            </message>
            <full-stacktrace>
              <![CDATA[java.lang.AssertionError: expected [Incorrect emails or password.] but found [Incorrect email or password.]
at org.testng.Assert.fail(Assert.java:111)
at org.testng.Assert.failNotEquals(Assert.java:1590)
at org.testng.Assert.assertEqualsImpl(Assert.java:150)
at org.testng.Assert.assertEquals(Assert.java:132)
at org.testng.Assert.assertEquals(Assert.java:656)
at org.testng.Assert.assertEquals(Assert.java:666)
at com.leelavathienterprise.Tests.errorValidations.loginErrorValidations(errorValidations.java:22)
at java.base/jdk.internal.reflect.DirectMethodHandleAccessor.invoke(DirectMethodHandleAccessor.java:104)
at java.base/java.lang.reflect.Method.invoke(Method.java:565)
at org.testng.internal.invokers.MethodInvocationHelper.invokeMethod(MethodInvocationHelper.java:141)
at org.testng.internal.invokers.TestInvoker.invokeMethod(TestInvoker.java:687)
at org.testng.internal.invokers.TestInvoker.retryFailed(TestInvoker.java:269)
at org.testng.internal.invokers.MethodRunner.runInSequence(MethodRunner.java:76)
at org.testng.internal.invokers.TestInvoker$MethodInvocationAgent.invoke(TestInvoker.java:995)
at org.testng.internal.invokers.TestInvoker.invokeTestMethods(TestInvoker.java:203)
at org.testng.internal.invokers.TestMethodWorker.invokeTestMethods(TestMethodWorker.java:154)
at org.testng.internal.invokers.TestMethodWorker.run(TestMethodWorker.java:134)
at java.base/java.util.ArrayList.forEach(ArrayList.java:1604)
at org.testng.TestRunner.privateRun(TestRunner.java:741)
at org.testng.TestRunner.run(TestRunner.java:616)
at org.testng.SuiteRunner.runTest(SuiteRunner.java:421)
at org.testng.SuiteRunner$SuiteWorker.run(SuiteRunner.java:463)
at org.testng.internal.thread.ThreadUtil.lambda$execute$0(ThreadUtil.java:64)
at java.base/java.util.concurrent.FutureTask.run(FutureTask.java:328)
at java.base/java.util.concurrent.ThreadPoolExecutor.runWorker(ThreadPoolExecutor.java:1090)
at java.base/java.util.concurrent.ThreadPoolExecutor$Worker.run(ThreadPoolExecutor.java:614)
at java.base/java.lang.Thread.run(Thread.java:1474)
]]>
            </full-stacktrace>
          </exception> <!-- java.lang.AssertionError -->
          <reporter-output>
          </reporter-output>
        </test-method> <!-- loginErrorValidations -->
        <test-method is-config="true" signature="tearDown()[pri:0, instance:com.leelavathienterprise.Tests.errorValidations@273e7444]" started-at="2026-07-22T17:23:01 IST" name="tearDown" finished-at="2026-07-22T17:23:02 IST" duration-ms="1633" status="PASS">
          <reporter-output>
          </reporter-output>
        </test-method> <!-- tearDown -->
        <test-method is-config="true" signature="launchApplication()[pri:0, instance:com.leelavathienterprise.Tests.errorValidations@273e7444]" started-at="2026-07-22T17:23:02 IST" name="launchApplication" finished-at="2026-07-22T17:23:17 IST" duration-ms="14429" status="PASS">
          <reporter-output>
          </reporter-output>
        </test-method> <!-- launchApplication -->
        <test-method signature="productErrorValidations()[pri:0, instance:com.leelavathienterprise.Tests.errorValidations@273e7444]" started-at="2026-07-22T17:23:17 IST" name="productErrorValidations" finished-at="2026-07-22T17:23:31 IST" duration-ms="14160" status="PASS">
          <reporter-output>
          </reporter-output>
        </test-method> <!-- productErrorValidations -->
        <test-method is-config="true" signature="tearDown()[pri:0, instance:com.leelavathienterprise.Tests.errorValidations@273e7444]" started-at="2026-07-22T17:23:31 IST" name="tearDown" finished-at="2026-07-22T17:23:33 IST" duration-ms="2347" status="PASS">
          <reporter-output>
          </reporter-output>
        </test-method> <!-- tearDown -->
      </class> <!-- com.leelavathienterprise.Tests.errorValidations -->
    </test> <!-- errorValidations -->
  </suite> <!-- SeleniumFrameworkSuite -->
</testng-results>
