<?xml version="1.0" encoding="UTF-8"?>
<!-- Generated by org.testng.reporters.JUnitReportReporter -->
<testsuite hostname="Leelavathi" failures="0" tests="3" name="com.leelavathienterprise.Tests.standaloneTest" time="93.502" errors="0" timestamp="2026-07-24T18:42:43 IST" skipped="0">
  <testcase classname="com.leelavathienterprise.Tests.standaloneTest" name="standaloneE2EFlow" time="24.810"/>
  <testcase classname="com.leelavathienterprise.Tests.standaloneTest" name="orderTestHistory" time="19.058"/>
  <testcase classname="com.leelavathienterprise.Tests.standaloneTest" name="standaloneE2EFlow" time="49.634"/>
</testsuite> <!-- com.leelavathienterprise.Tests.standaloneTest -->
