<?xml version="1.0" encoding="UTF-8"?>
<!-- Generated by org.testng.reporters.JUnitReportReporter -->
<testsuite hostname="Leelavathi" failures="1" tests="5" name="com.leelavathienterprise.Tests.errorValidations" time="106.630" errors="0" timestamp="2026-07-22T17:23:34 IST" skipped="3">
  <testcase classname="com.leelavathienterprise.Tests.errorValidations" name="productErrorValidations" time="29.040"/>
  <testcase classname="com.leelavathienterprise.Tests.errorValidations" name="loginErrorValidations" time="16.155">
    <skipped/>
  </testcase> <!-- loginErrorValidations -->
  <testcase classname="com.leelavathienterprise.Tests.errorValidations" name="loginErrorValidations" time="36.582">
    <failure message="expected [Incorrect emails or password.] but found [Incorrect email or password.]" type="java.lang.AssertionError">
      <![CDATA[java.lang.AssertionError: expected [Incorrect emails or password.] but found [Incorrect email or password.]
at org.testng.Assert.fail(Assert.java:111)
at org.testng.Assert.failNotEquals(Assert.java:1590)
at org.testng.Assert.assertEqualsImpl(Assert.java:150)
at org.testng.Assert.assertEquals(Assert.java:132)
at org.testng.Assert.assertEquals(Assert.java:656)
at org.testng.Assert.assertEquals(Assert.java:666)
at com.leelavathienterprise.Tests.errorValidations.loginErrorValidations(errorValidations.java:22)
at java.base/jdk.internal.reflect.DirectMethodHandleAccessor.invoke(DirectMethodHandleAccessor.java:104)
at java.base/java.lang.reflect.Method.invoke(Method.java:565)
at org.testng.internal.invokers.MethodInvocationHelper.invokeMethod(MethodInvocationHelper.java:141)
at org.testng.internal.invokers.TestInvoker.invokeMethod(TestInvoker.java:687)
at org.testng.internal.invokers.TestInvoker.retryFailed(TestInvoker.java:269)
at org.testng.internal.invokers.MethodRunner.runInSequence(MethodRunner.java:76)
at org.testng.internal.invokers.TestInvoker$MethodInvocationAgent.invoke(TestInvoker.java:995)
at org.testng.internal.invokers.TestInvoker.invokeTestMethods(TestInvoker.java:203)
at org.testng.internal.invokers.TestMethodWorker.invokeTestMethods(TestMethodWorker.java:154)
at org.testng.internal.invokers.TestMethodWorker.run(TestMethodWorker.java:134)
at java.base/java.util.ArrayList.forEach(ArrayList.java:1604)
at org.testng.TestRunner.privateRun(TestRunner.java:741)
at org.testng.TestRunner.run(TestRunner.java:616)
at org.testng.SuiteRunner.runTest(SuiteRunner.java:421)
at org.testng.SuiteRunner$SuiteWorker.run(SuiteRunner.java:463)
at org.testng.internal.thread.ThreadUtil.lambda$execute$0(ThreadUtil.java:64)
at java.base/java.util.concurrent.FutureTask.run(FutureTask.java:328)
at java.base/java.util.concurrent.ThreadPoolExecutor.runWorker(ThreadPoolExecutor.java:1090)
at java.base/java.util.concurrent.ThreadPoolExecutor$Worker.run(ThreadPoolExecutor.java:614)
at java.base/java.lang.Thread.run(Thread.java:1474)
]]>
    </failure>
  </testcase> <!-- loginErrorValidations -->
  <testcase classname="com.leelavathienterprise.Tests.errorValidations" name="loginErrorValidations" time="8.889">
    <skipped/>
  </testcase> <!-- loginErrorValidations -->
  <testcase classname="com.leelavathienterprise.Tests.errorValidations" name="loginErrorValidations" time="15.964">
    <skipped/>
  </testcase> <!-- loginErrorValidations -->
</testsuite> <!-- com.leelavathienterprise.Tests.errorValidations -->
