<?xml version="1.0" encoding="UTF-8"?>
<!-- Generated by org.testng.reporters.JUnitReportReporter -->
<testsuite hostname="Leelavathi" failures="0" tests="3" name="com.leelavathienterprise.Tests.standaloneTest" time="76.203" errors="0" timestamp="2026-07-29T18:15:24 IST" skipped="0">
  <testcase classname="com.leelavathienterprise.Tests.standaloneTest" name="standaloneE2EFlow" time="41.304"/>
  <testcase classname="com.leelavathienterprise.Tests.standaloneTest" name="standaloneE2EFlow" time="24.764"/>
  <testcase classname="com.leelavathienterprise.Tests.standaloneTest" name="orderTestHistory" time="10.135"/>
</testsuite> <!-- com.leelavathienterprise.Tests.standaloneTest -->
