<?xml version="1.0" encoding="UTF-8"?>
<!-- Generated by org.testng.reporters.JUnitXMLReporter -->
<testsuite ignored="0" hostname="Leelavathi" failures="1" tests="5" name="errorValidations" time="107.145" errors="0" timestamp="2026-07-22T17:23:33 IST">
  <testcase classname="com.leelavathienterprise.Tests.errorValidations" name="loginErrorValidations" time="1.175">
    <skipped/>
  </testcase> <!-- loginErrorValidations -->
  <testcase classname="com.leelavathienterprise.Tests.errorValidations" name="loginErrorValidations" time="0.594">
    <skipped/>
  </testcase> <!-- loginErrorValidations -->
  <testcase classname="com.leelavathienterprise.Tests.errorValidations" name="loginErrorValidations" time="0.435">
    <skipped/>
  </testcase> <!-- loginErrorValidations -->
  <testcase classname="com.leelavathienterprise.Tests.errorValidations" name="loginErrorValidations" time="0.829">
    <failure type="java.lang.AssertionError" message="expected [Incorrect emails or password.] but found [Incorrect email or password.]">
      <![CDATA[java.lang.AssertionError: expected [Incorrect emails or password.] but found [Incorrect email or password.]
at com.leelavathienterprise.Tests.errorValidations.loginErrorValidations(errorValidations.java:22)
at java.base/java.util.ArrayList.forEach(ArrayList.java:1604)
at java.base/java.util.concurrent.FutureTask.run(FutureTask.java:328)
at java.base/java.util.concurrent.ThreadPoolExecutor.runWorker(ThreadPoolExecutor.java:1090)
at java.base/java.util.concurrent.ThreadPoolExecutor$Worker.run(ThreadPoolExecutor.java:614)
at java.base/java.lang.Thread.run(Thread.java:1474)
... Removed 21 stack frames]]>
    </failure>
  </testcase> <!-- loginErrorValidations -->
  <testcase classname="com.leelavathienterprise.Tests.errorValidations" name="productErrorValidations" time="14.16"/>
</testsuite> <!-- errorValidations -->
