<?xml version="1.0" encoding="UTF-8"?>
<!-- Generated by org.testng.reporters.JUnitXMLReporter -->
<testsuite ignored="0" hostname="Leelavathi" failures="0" tests="3" name="standaloneTest" time="76.503" errors="0" timestamp="2026-07-29T18:15:24 IST">
  <testcase classname="com.leelavathienterprise.Tests.standaloneTest" name="standaloneE2EFlow" time="31.863"/>
  <testcase classname="com.leelavathienterprise.Tests.standaloneTest" name="standaloneE2EFlow" time="19.091"/>
  <testcase classname="com.leelavathienterprise.Tests.standaloneTest" name="orderTestHistory" time="4.791"/>
</testsuite> <!-- standaloneTest -->
