<?xml version="1.0" encoding="UTF-8"?>
<!-- Generated by org.testng.reporters.JUnitXMLReporter -->
<testsuite ignored="0" hostname="Leelavathi" failures="0" tests="3" name="standaloneTest" time="93.877" errors="0" timestamp="2026-07-24T18:42:42 IST">
  <testcase classname="com.leelavathienterprise.Tests.standaloneTest" name="standaloneE2EFlow" time="21.623"/>
  <testcase classname="com.leelavathienterprise.Tests.standaloneTest" name="standaloneE2EFlow" time="45.083"/>
  <testcase classname="com.leelavathienterprise.Tests.standaloneTest" name="orderTestHistory" time="8.631"/>
</testsuite> <!-- standaloneTest -->
